TN:
SF:controllers\authController.js
FN:5,register
FN:62,login
FN:123,getMe
FNF:3
FNH:3
FNDA:3,register
FNDA:4,login
FNDA:1,getMe
DA:1,1
DA:2,1
DA:3,1
DA:6,3
DA:8,3
DA:9,1
DA:15,2
DA:16,0
DA:22,2
DA:23,0
DA:29,2
DA:30,2
DA:32,2
DA:33,1
DA:39,1
DA:40,1
DA:45,1
DA:54,0
DA:55,0
DA:63,4
DA:65,4
DA:66,1
DA:72,3
DA:73,3
DA:78,3
DA:79,1
DA:85,2
DA:86,2
DA:88,2
DA:89,1
DA:95,1
DA:101,1
DA:115,0
DA:116,0
DA:124,1
DA:125,1
DA:130,1
DA:131,0
DA:137,1
DA:142,0
DA:143,0
DA:150,1
LF:42
LH:33
BRDA:8,0,0,1
BRDA:8,0,1,2
BRDA:8,1,0,3
BRDA:8,1,1,3
BRDA:8,1,2,3
BRDA:15,2,0,0
BRDA:15,2,1,2
BRDA:15,3,0,2
BRDA:15,3,1,2
BRDA:22,4,0,0
BRDA:22,4,1,2
BRDA:32,5,0,1
BRDA:32,5,1,1
BRDA:65,6,0,1
BRDA:65,6,1,3
BRDA:65,7,0,4
BRDA:65,7,1,4
BRDA:78,8,0,1
BRDA:78,8,1,2
BRDA:88,9,0,1
BRDA:88,9,1,1
BRDA:98,10,0,1
BRDA:98,10,1,1
BRDA:130,11,0,0
BRDA:130,11,1,1
BRF:25
BRH:22
end_of_record
TN:
SF:controllers\pollController.js
FN:5,(anonymous_0)
FN:18,getPolls
FN:79,getPollById
FN:122,createPoll
FN:178,updatePoll
FN:238,deletePoll
FN:276,getMyPolls
FNF:7
FNH:4
FNDA:0,(anonymous_0)
FNDA:1,getPolls
FNDA:2,getPollById
FNDA:2,createPoll
FNDA:0,updatePoll
FNDA:2,deletePoll
FNDA:0,getMyPolls
DA:1,1
DA:2,1
DA:5,1
DA:6,0
DA:7,0
DA:10,0
DA:11,0
DA:14,0
DA:19,1
DA:20,1
DA:21,1
DA:22,1
DA:24,1
DA:25,1
DA:27,1
DA:28,1
DA:29,1
DA:32,1
DA:33,1
DA:35,1
DA:37,1
DA:41,1
DA:44,1
DA:45,1
DA:47,1
DA:60,1
DA:71,0
DA:72,0
DA:80,2
DA:82,2
DA:83,2
DA:91,2
DA:92,1
DA:98,1
DA:106,1
DA:107,1
DA:109,1
DA:114,0
DA:115,0
DA:123,2
DA:125,2
DA:126,1
DA:132,1
DA:133,1
DA:134,1
DA:136,1
DA:150,1
DA:152,1
DA:153,2
DA:159,1
DA:161,1
DA:167,0
DA:168,0
DA:169,0
DA:174,1
DA:179,0
DA:180,0
DA:183,0
DA:184,0
DA:185,0
DA:192,0
DA:193,0
DA:194,0
DA:200,0
DA:201,0
DA:218,0
DA:219,0
DA:225,0
DA:230,0
DA:231,0
DA:239,2
DA:240,2
DA:242,2
DA:244,2
DA:246,0
DA:247,0
DA:250,2
DA:251,2
DA:254,2
DA:256,2
DA:257,1
DA:263,1
DA:268,0
DA:269,0
DA:277,0
DA:278,0
DA:279,0
DA:280,0
DA:282,0
DA:283,0
DA:287,0
DA:289,0
DA:299,0
DA:310,0
DA:311,0
DA:318,1
LF:96
LH:54
BRDA:10,0,0,0
BRDA:10,0,1,0
BRDA:19,1,0,0
BRDA:19,2,0,0
BRDA:20,3,0,1
BRDA:20,3,1,0
BRDA:21,4,0,1
BRDA:21,4,1,0
BRDA:27,5,0,1
BRDA:27,5,1,0
BRDA:91,6,0,1
BRDA:91,6,1,1
BRDA:125,7,0,1
BRDA:125,7,1,1
BRDA:125,8,0,2
BRDA:125,8,1,1
BRDA:125,8,2,1
BRDA:141,9,0,1
BRDA:141,9,1,1
BRDA:142,10,0,1
BRDA:142,10,1,1
BRDA:143,11,0,1
BRDA:143,11,1,1
BRDA:144,12,0,1
BRDA:144,12,1,1
BRDA:146,13,0,1
BRDA:146,13,1,1
BRDA:184,14,0,0
BRDA:184,14,1,0
BRDA:184,15,0,0
BRDA:184,15,1,0
BRDA:192,16,0,0
BRDA:192,16,1,0
BRDA:193,17,0,0
BRDA:193,17,1,0
BRDA:207,18,0,0
BRDA:207,18,1,0
BRDA:208,19,0,0
BRDA:208,19,1,0
BRDA:209,20,0,0
BRDA:209,20,1,0
BRDA:210,21,0,0
BRDA:210,21,1,0
BRDA:211,22,0,0
BRDA:211,22,1,0
BRDA:218,23,0,0
BRDA:218,23,1,0
BRDA:244,24,0,0
BRDA:244,24,1,2
BRDA:256,25,0,1
BRDA:256,25,1,1
BRDA:277,26,0,0
BRDA:277,27,0,0
BRDA:278,28,0,0
BRDA:278,28,1,0
BRDA:279,29,0,0
BRDA:279,29,1,0
BRF:57
BRH:23
end_of_record
TN:
SF:controllers\voteController.js
FN:3,checkVoted
FN:28,submitVote
FN:79,(anonymous_2)
FN:142,(anonymous_3)
FN:182,getResults
FN:220,(anonymous_5)
FNF:6
FNH:5
FNDA:2,checkVoted
FNDA:7,submitVote
FNDA:4,(anonymous_2)
FNDA:0,(anonymous_3)
FNDA:2,getResults
FNDA:1,(anonymous_5)
DA:1,1
DA:4,2
DA:5,2
DA:7,2
DA:8,2
DA:13,2
DA:20,0
DA:21,0
DA:29,7
DA:30,7
DA:31,7
DA:33,7
DA:34,1
DA:40,6
DA:41,6
DA:42,6
DA:45,6
DA:50,6
DA:51,1
DA:52,1
DA:58,5
DA:61,5
DA:62,1
DA:63,1
DA:70,4
DA:71,1
DA:72,1
DA:79,4
DA:80,3
DA:85,3
DA:86,1
DA:87,1
DA:94,2
DA:99,2
DA:100,1
DA:101,1
DA:108,1
DA:109,2
DA:115,1
DA:120,1
DA:121,1
DA:124,0
DA:134,0
DA:139,0
DA:142,0
DA:151,0
DA:156,0
DA:159,1
DA:162,1
DA:171,0
DA:172,0
DA:173,0
DA:178,6
DA:183,2
DA:185,2
DA:187,2
DA:192,2
DA:193,1
DA:200,1
DA:212,1
DA:217,1
DA:220,1
DA:228,1
DA:239,0
DA:240,0
DA:247,1
LF:66
LH:53
BRDA:33,0,0,1
BRDA:33,0,1,6
BRDA:33,1,0,7
BRDA:33,1,1,6
BRDA:33,1,2,6
BRDA:50,2,0,1
BRDA:50,2,1,5
BRDA:61,3,0,1
BRDA:61,3,1,4
BRDA:61,4,0,5
BRDA:61,4,1,3
BRDA:70,5,0,1
BRDA:70,5,1,3
BRDA:70,6,0,4
BRDA:70,6,1,2
BRDA:70,6,2,2
BRDA:85,7,0,1
BRDA:85,7,1,2
BRDA:99,8,0,1
BRDA:99,8,1,1
BRDA:111,9,0,2
BRDA:111,9,1,0
BRDA:147,10,0,0
BRDA:147,10,1,0
BRDA:192,11,0,1
BRDA:192,11,1,1
BRDA:225,12,0,1
BRDA:225,12,1,0
BRDA:233,13,0,1
BRDA:233,13,1,1
BRF:30
BRH:26
end_of_record
TN:
SF:routes\ai.js
FN:64,detectScenario
FN:83,(anonymous_1)
FN:86,(anonymous_2)
FN:89,(anonymous_3)
FN:102,getMockPoll
FN:123,(anonymous_5)
FNF:6
FNH:6
FNDA:1,detectScenario
FNDA:8,(anonymous_1)
FNDA:4,(anonymous_2)
FNDA:5,(anonymous_3)
FNDA:1,getMockPoll
FNDA:4,(anonymous_5)
DA:4,1
DA:5,1
DA:6,1
DA:7,1
DA:8,1
DA:13,1
DA:21,1
DA:65,1
DA:67,1
DA:77,1
DA:78,1
DA:80,1
DA:81,1
DA:82,1
DA:83,1
DA:84,8
DA:86,1
DA:87,4
DA:89,1
DA:90,5
DA:93,1
DA:94,1
DA:95,1
DA:96,1
DA:103,1
DA:104,1
DA:105,1
DA:106,1
DA:109,1
DA:113,1
DA:123,1
DA:124,4
DA:125,4
DA:127,4
DA:128,4
DA:129,1
DA:135,3
DA:136,3
DA:141,3
DA:143,3
DA:144,3
DA:145,1
DA:152,0
DA:155,2
DA:156,2
DA:157,2
DA:158,2
DA:159,2
DA:164,2
DA:218,2
DA:219,2
DA:220,0
DA:222,2
DA:223,0
DA:225,2
DA:226,0
DA:228,2
DA:233,2
DA:234,2
DA:243,1
DA:244,1
DA:250,1
DA:251,1
DA:253,0
DA:254,0
DA:257,1
DA:258,0
DA:262,1
DA:263,1
DA:264,0
DA:266,1
DA:267,0
DA:269,1
DA:270,0
DA:276,1
DA:277,1
DA:278,1
DA:280,1
DA:281,1
DA:282,1
DA:283,1
DA:284,1
DA:286,1
DA:288,0
DA:292,1
DA:293,1
DA:303,1
DA:305,1
DA:307,1
DA:308,1
DA:309,0
DA:310,1
DA:311,0
DA:315,1
DA:316,1
DA:317,1
DA:318,1
DA:319,1
DA:320,1
DA:321,1
DA:322,1
DA:328,1
DA:337,1
LF:103
LH:90
BRDA:15,0,0,1
BRDA:15,0,1,1
BRDA:84,1,0,0
BRDA:84,1,1,8
BRDA:87,2,0,0
BRDA:87,2,1,4
BRDA:90,3,0,0
BRDA:90,3,1,5
BRDA:93,4,0,0
BRDA:93,4,1,1
BRDA:94,5,0,0
BRDA:94,5,1,1
BRDA:95,6,0,0
BRDA:95,6,1,1
BRDA:104,7,0,1
BRDA:104,7,1,0
BRDA:109,8,0,0
BRDA:109,8,1,1
BRDA:109,9,0,1
BRDA:109,9,1,1
BRDA:127,10,0,4
BRDA:127,10,1,1
BRDA:127,10,2,1
BRDA:128,11,0,1
BRDA:128,11,1,3
BRDA:144,12,0,1
BRDA:144,12,1,2
BRDA:144,13,0,3
BRDA:144,13,1,1
BRDA:157,14,0,2
BRDA:157,14,1,2
BRDA:158,15,0,2
BRDA:158,15,1,2
BRDA:159,16,0,0
BRDA:159,16,1,2
BRDA:219,17,0,0
BRDA:219,17,1,2
BRDA:219,18,0,2
BRDA:219,18,1,0
BRDA:222,19,0,0
BRDA:222,19,1,2
BRDA:222,20,0,2
BRDA:222,20,1,0
BRDA:225,21,0,0
BRDA:225,21,1,2
BRDA:225,22,0,2
BRDA:225,22,1,0
BRDA:257,23,0,0
BRDA:257,23,1,1
BRDA:257,24,0,1
BRDA:257,24,1,1
BRDA:262,25,0,1
BRDA:262,25,1,0
BRDA:263,26,0,0
BRDA:263,26,1,1
BRDA:263,27,0,1
BRDA:263,27,1,0
BRDA:266,28,0,0
BRDA:266,28,1,1
BRDA:269,29,0,0
BRDA:269,29,1,1
BRDA:278,30,0,1
BRDA:278,30,1,0
BRDA:305,31,0,1
BRDA:305,31,1,1
BRDA:305,32,0,1
BRDA:305,32,1,1
BRDA:308,33,0,0
BRDA:308,33,1,1
BRDA:308,34,0,1
BRDA:308,34,1,1
BRDA:310,35,0,0
BRDA:310,35,1,1
BRDA:310,36,0,1
BRDA:310,36,1,1
BRDA:317,37,0,1
BRDA:317,37,1,0
BRF:77
BRH:52
end_of_record
