TN:
SF:config\logger.js
FNF:0
FNH:0
DA:2,1
DA:3,1
DA:6,1
DA:8,1
DA:15,1
DA:29,1
DA:30,1
DA:37,1
DA:43,1
LF:9
LH:9
BRDA:29,0,0,1
BRDA:29,0,1,0
BRDA:38,1,0,1
BRDA:38,1,1,1
BRF:4
BRH:3
end_of_record
TN:
SF:controllers\authController.js
FN:5,register
FN:62,login
FN:123,getMe
FNF:3
FNH:3
FNDA:3,register
FNDA:4,login
FNDA:1,getMe
DA:1,1
DA:2,1
DA:3,1
DA:6,3
DA:8,3
DA:9,1
DA:15,2
DA:16,0
DA:22,2
DA:23,0
DA:29,2
DA:30,2
DA:32,2
DA:33,1
DA:39,1
DA:40,1
DA:45,1
DA:54,0
DA:55,0
DA:63,4
DA:65,4
DA:66,1
DA:72,3
DA:73,3
DA:78,3
DA:79,1
DA:85,2
DA:86,2
DA:88,2
DA:89,1
DA:95,1
DA:101,1
DA:115,0
DA:116,0
DA:124,1
DA:125,1
DA:130,1
DA:131,0
DA:137,1
DA:142,0
DA:143,0
DA:150,1
LF:42
LH:33
BRDA:8,0,0,1
BRDA:8,0,1,2
BRDA:8,1,0,3
BRDA:8,1,1,3
BRDA:8,1,2,3
BRDA:15,2,0,0
BRDA:15,2,1,2
BRDA:15,3,0,2
BRDA:15,3,1,2
BRDA:22,4,0,0
BRDA:22,4,1,2
BRDA:32,5,0,1
BRDA:32,5,1,1
BRDA:65,6,0,1
BRDA:65,6,1,3
BRDA:65,7,0,4
BRDA:65,7,1,4
BRDA:78,8,0,1
BRDA:78,8,1,2
BRDA:88,9,0,1
BRDA:88,9,1,1
BRDA:98,10,0,1
BRDA:98,10,1,1
BRDA:130,11,0,0
BRDA:130,11,1,1
BRF:25
BRH:22
end_of_record
TN:
SF:controllers\pollController.js
FN:5,(anonymous_0)
FN:18,getPolls
FN:79,getPollById
FN:122,createPoll
FN:178,updatePoll
FN:238,deletePoll
FN:276,getMyPolls
FNF:7
FNH:4
FNDA:0,(anonymous_0)
FNDA:1,getPolls
FNDA:2,getPollById
FNDA:2,createPoll
FNDA:0,updatePoll
FNDA:2,deletePoll
FNDA:0,getMyPolls
DA:1,1
DA:2,1
DA:5,1
DA:6,0
DA:7,0
DA:10,0
DA:11,0
DA:14,0
DA:19,1
DA:20,1
DA:21,1
DA:22,1
DA:24,1
DA:25,1
DA:27,1
DA:28,1
DA:29,1
DA:32,1
DA:33,1
DA:35,1
DA:37,1
DA:41,1
DA:44,1
DA:45,1
DA:47,1
DA:60,1
DA:71,0
DA:72,0
DA:80,2
DA:82,2
DA:83,2
DA:91,2
DA:92,1
DA:98,1
DA:106,1
DA:107,1
DA:109,1
DA:114,0
DA:115,0
DA:123,2
DA:125,2
DA:126,1
DA:132,1
DA:133,1
DA:134,1
DA:136,1
DA:150,1
DA:152,1
DA:153,2
DA:159,1
DA:161,1
DA:167,0
DA:168,0
DA:169,0
DA:174,1
DA:179,0
DA:180,0
DA:183,0
DA:184,0
DA:185,0
DA:192,0
DA:193,0
DA:194,0
DA:200,0
DA:201,0
DA:218,0
DA:219,0
DA:225,0
DA:230,0
DA:231,0
DA:239,2
DA:240,2
DA:242,2
DA:244,2
DA:246,0
DA:247,0
DA:250,2
DA:251,2
DA:254,2
DA:256,2
DA:257,1
DA:263,1
DA:268,0
DA:269,0
DA:277,0
DA:278,0
DA:279,0
DA:280,0
DA:282,0
DA:283,0
DA:287,0
DA:289,0
DA:299,0
DA:310,0
DA:311,0
DA:318,1
LF:96
LH:54
BRDA:10,0,0,0
BRDA:10,0,1,0
BRDA:19,1,0,0
BRDA:19,2,0,0
BRDA:20,3,0,1
BRDA:20,3,1,0
BRDA:21,4,0,1
BRDA:21,4,1,0
BRDA:27,5,0,1
BRDA:27,5,1,0
BRDA:91,6,0,1
BRDA:91,6,1,1
BRDA:125,7,0,1
BRDA:125,7,1,1
BRDA:125,8,0,2
BRDA:125,8,1,1
BRDA:125,8,2,1
BRDA:141,9,0,1
BRDA:141,9,1,1
BRDA:142,10,0,1
BRDA:142,10,1,1
BRDA:143,11,0,1
BRDA:143,11,1,1
BRDA:144,12,0,1
BRDA:144,12,1,1
BRDA:146,13,0,1
BRDA:146,13,1,1
BRDA:184,14,0,0
BRDA:184,14,1,0
BRDA:184,15,0,0
BRDA:184,15,1,0
BRDA:192,16,0,0
BRDA:192,16,1,0
BRDA:193,17,0,0
BRDA:193,17,1,0
BRDA:207,18,0,0
BRDA:207,18,1,0
BRDA:208,19,0,0
BRDA:208,19,1,0
BRDA:209,20,0,0
BRDA:209,20,1,0
BRDA:210,21,0,0
BRDA:210,21,1,0
BRDA:211,22,0,0
BRDA:211,22,1,0
BRDA:218,23,0,0
BRDA:218,23,1,0
BRDA:244,24,0,0
BRDA:244,24,1,2
BRDA:256,25,0,1
BRDA:256,25,1,1
BRDA:277,26,0,0
BRDA:277,27,0,0
BRDA:278,28,0,0
BRDA:278,28,1,0
BRDA:279,29,0,0
BRDA:279,29,1,0
BRF:57
BRH:23
end_of_record
TN:
SF:controllers\voteController.js
FN:3,checkVoted
FN:28,submitVote
FN:79,(anonymous_2)
FN:142,(anonymous_3)
FN:182,getResults
FN:220,(anonymous_5)
FNF:6
FNH:5
FNDA:2,checkVoted
FNDA:7,submitVote
FNDA:4,(anonymous_2)
FNDA:0,(anonymous_3)
FNDA:2,getResults
FNDA:1,(anonymous_5)
DA:1,1
DA:4,2
DA:5,2
DA:7,2
DA:8,2
DA:13,2
DA:20,0
DA:21,0
DA:29,7
DA:30,7
DA:31,7
DA:33,7
DA:34,1
DA:40,6
DA:41,6
DA:42,6
DA:45,6
DA:50,6
DA:51,1
DA:52,1
DA:58,5
DA:61,5
DA:62,1
DA:63,1
DA:70,4
DA:71,1
DA:72,1
DA:79,4
DA:80,3
DA:85,3
DA:86,1
DA:87,1
DA:94,2
DA:99,2
DA:100,1
DA:101,1
DA:108,1
DA:109,2
DA:115,1
DA:120,1
DA:121,1
DA:124,0
DA:134,0
DA:139,0
DA:142,0
DA:151,0
DA:156,0
DA:159,1
DA:162,1
DA:171,0
DA:172,0
DA:173,0
DA:178,6
DA:183,2
DA:185,2
DA:187,2
DA:192,2
DA:193,1
DA:200,1
DA:212,1
DA:217,1
DA:220,1
DA:228,1
DA:239,0
DA:240,0
DA:247,1
LF:66
LH:53
BRDA:33,0,0,1
BRDA:33,0,1,6
BRDA:33,1,0,7
BRDA:33,1,1,6
BRDA:33,1,2,6
BRDA:50,2,0,1
BRDA:50,2,1,5
BRDA:61,3,0,1
BRDA:61,3,1,4
BRDA:61,4,0,5
BRDA:61,4,1,3
BRDA:70,5,0,1
BRDA:70,5,1,3
BRDA:70,6,0,4
BRDA:70,6,1,2
BRDA:70,6,2,2
BRDA:85,7,0,1
BRDA:85,7,1,2
BRDA:99,8,0,1
BRDA:99,8,1,1
BRDA:111,9,0,2
BRDA:111,9,1,0
BRDA:147,10,0,0
BRDA:147,10,1,0
BRDA:192,11,0,1
BRDA:192,11,1,1
BRDA:225,12,0,1
BRDA:225,12,1,0
BRDA:233,13,0,1
BRDA:233,13,1,1
BRF:30
BRH:26
end_of_record
TN:
SF:routes\ai.js
FN:65,detectScenario
FN:84,(anonymous_1)
FN:87,(anonymous_2)
FN:90,(anonymous_3)
FN:103,getMockPoll
FN:124,(anonymous_5)
FNF:6
FNH:6
FNDA:1,detectScenario
FNDA:8,(anonymous_1)
FNDA:4,(anonymous_2)
FNDA:5,(anonymous_3)
FNDA:1,getMockPoll
FNDA:4,(anonymous_5)
DA:4,1
DA:5,1
DA:6,1
DA:7,1
DA:8,1
DA:9,1
DA:14,1
DA:22,1
DA:66,1
DA:68,1
DA:78,1
DA:79,1
DA:81,1
DA:82,1
DA:83,1
DA:84,1
DA:85,8
DA:87,1
DA:88,4
DA:90,1
DA:91,5
DA:94,1
DA:95,1
DA:96,1
DA:97,1
DA:104,1
DA:105,1
DA:106,1
DA:107,1
DA:110,1
DA:114,1
DA:124,1
DA:125,4
DA:126,4
DA:128,4
DA:129,4
DA:130,1
DA:136,3
DA:137,3
DA:142,3
DA:143,3
DA:144,3
DA:145,1
DA:151,0
DA:154,2
DA:155,2
DA:156,2
DA:157,2
DA:158,2
DA:163,2
DA:217,2
DA:218,2
DA:219,0
DA:221,2
DA:222,0
DA:224,2
DA:225,0
DA:227,2
DA:232,2
DA:233,2
DA:242,1
DA:243,1
DA:249,1
DA:250,1
DA:252,0
DA:253,0
DA:256,1
DA:257,0
DA:261,1
DA:262,1
DA:263,0
DA:265,1
DA:266,0
DA:268,1
DA:269,0
DA:275,1
DA:276,1
DA:277,1
DA:278,1
DA:279,1
DA:280,1
DA:281,1
DA:282,1
DA:284,1
DA:286,0
DA:289,1
DA:290,1
DA:300,1
DA:302,1
DA:304,1
DA:305,1
DA:306,0
DA:307,1
DA:308,0
DA:312,1
DA:313,1
DA:314,1
DA:315,1
DA:316,1
DA:317,1
DA:318,1
DA:319,1
DA:325,1
DA:334,1
LF:104
LH:91
BRDA:16,0,0,1
BRDA:16,0,1,1
BRDA:85,1,0,0
BRDA:85,1,1,8
BRDA:88,2,0,0
BRDA:88,2,1,4
BRDA:91,3,0,0
BRDA:91,3,1,5
BRDA:94,4,0,0
BRDA:94,4,1,1
BRDA:95,5,0,0
BRDA:95,5,1,1
BRDA:96,6,0,0
BRDA:96,6,1,1
BRDA:105,7,0,1
BRDA:105,7,1,0
BRDA:110,8,0,0
BRDA:110,8,1,1
BRDA:110,9,0,1
BRDA:110,9,1,1
BRDA:128,10,0,4
BRDA:128,10,1,1
BRDA:128,10,2,1
BRDA:129,11,0,1
BRDA:129,11,1,3
BRDA:144,12,0,1
BRDA:144,12,1,2
BRDA:144,13,0,3
BRDA:144,13,1,1
BRDA:156,14,0,2
BRDA:156,14,1,2
BRDA:157,15,0,2
BRDA:157,15,1,2
BRDA:158,16,0,0
BRDA:158,16,1,2
BRDA:218,17,0,0
BRDA:218,17,1,2
BRDA:218,18,0,2
BRDA:218,18,1,0
BRDA:221,19,0,0
BRDA:221,19,1,2
BRDA:221,20,0,2
BRDA:221,20,1,0
BRDA:224,21,0,0
BRDA:224,21,1,2
BRDA:224,22,0,2
BRDA:224,22,1,0
BRDA:256,23,0,0
BRDA:256,23,1,1
BRDA:256,24,0,1
BRDA:256,24,1,1
BRDA:261,25,0,1
BRDA:261,25,1,0
BRDA:262,26,0,0
BRDA:262,26,1,1
BRDA:262,27,0,1
BRDA:262,27,1,0
BRDA:265,28,0,0
BRDA:265,28,1,1
BRDA:268,29,0,0
BRDA:268,29,1,1
BRDA:277,30,0,1
BRDA:277,30,1,0
BRDA:302,31,0,1
BRDA:302,31,1,1
BRDA:302,32,0,1
BRDA:302,32,1,1
BRDA:305,33,0,0
BRDA:305,33,1,1
BRDA:305,34,0,1
BRDA:305,34,1,1
BRDA:307,35,0,0
BRDA:307,35,1,1
BRDA:307,36,0,1
BRDA:307,36,1,1
BRDA:314,37,0,1
BRDA:314,37,1,0
BRF:77
BRH:52
end_of_record
